<?xml version="1.0" encoding="UTF-8"?>
<!-- Generated by org.testng.reporters.JUnitReportReporter -->
<testsuite hostname="DESKTOP-LU6TJHI" failures="0" tests="6" name="Report_Create.Day1" time="85.697" errors="0" timestamp="2024-04-08T12:20:13 IST" skipped="0">
  <testcase classname="Report_Create.Day1" name="checkbox" time="13.304"/>
  <system-out/>
  <testcase classname="Report_Create.Day1" name="multiplecheckbox" time="12.901"/>
  <system-out/>
  <testcase classname="Report_Create.Day1" name="radiobutton" time="12.947"/>
  <system-out/>
  <testcase classname="Report_Create.Day1" name="multipleradiobutton" time="13.391"/>
  <system-out/>
  <testcase classname="Report_Create.Day1" name="textbox" time="19.819"/>
  <system-out/>
  <testcase classname="Report_Create.Day1" name="dropdown" time="13.335"/>
  <system-out/>
</testsuite> <!-- Report_Create.Day1 -->
